[debug] [2020-10-30T04:12:10.953Z] ----------------------------------------------------------------------
[debug] [2020-10-30T04:12:10.955Z] Command:       C:\Program Files\nodejs\node.exe C:\Users\vistr\AppData\Roaming\npm\node_modules\firebase-tools\lib\bin\firebase.js emulators:start
[debug] [2020-10-30T04:12:10.955Z] CLI Version:   8.14.1
[debug] [2020-10-30T04:12:10.955Z] Platform:      win32
[debug] [2020-10-30T04:12:10.955Z] Node Version:  v12.13.0
[debug] [2020-10-30T04:12:10.956Z] Time:          Fri Oct 30 2020 09:42:10 GMT+0530 (India Standard Time)
[debug] [2020-10-30T04:12:10.956Z] ----------------------------------------------------------------------
[debug] [2020-10-30T04:12:10.956Z] 
[debug] [2020-10-30T04:12:10.967Z] > command requires scopes: ["email","openid","https://www.googleapis.com/auth/cloudplatformprojects.readonly","https://www.googleapis.com/auth/firebase","https://www.googleapis.com/auth/cloud-platform"]
[debug] [2020-10-30T04:12:10.968Z] > authorizing via signed-in user
[info] i  emulators: Starting emulators: functions, hosting {"metadata":{"emulator":{"name":"hub"},"message":"Starting emulators: functions, hosting"}}
[debug] [2020-10-30T04:12:13.003Z] [hub] writing locator at C:\Users\vistr\AppData\Local\Temp\hub-vistrit-amaz0n.json
[warn] !  functions: The following emulators are not running, calls to these services from the Functions emulator will affect production: auth, firestore, database, pubsub {"metadata":{"emulator":{"name":"functions"},"message":"The following emulators are not running, calls to these services from the Functions emulator will affect production: \u001b[1mauth, firestore, database, pubsub\u001b[22m"}}
[info] +  functions: Using node@12 from host. {"metadata":{"emulator":{"name":"functions"},"message":"Using node@12 from host."}}
[debug] [2020-10-30T04:12:15.069Z] defaultcredentials: writing to file C:\Users\vistr\AppData\Roaming\firebase\vistritpandey_gmail_com_application_default_credentials.json
[debug] [2020-10-30T04:12:15.072Z] Setting GAC to C:\Users\vistr\AppData\Roaming\firebase\vistritpandey_gmail_com_application_default_credentials.json {"metadata":{"emulator":{"name":"functions"},"message":"Setting GAC to C:\\Users\\vistr\\AppData\\Roaming\\firebase\\vistritpandey_gmail_com_application_default_credentials.json"}}
[debug] [2020-10-30T04:12:17.116Z] >>> HTTP REQUEST GET https://firebase.googleapis.com/v1beta1/projects/vistrit-amaz0n/webApps/-/config  
 
[debug] [2020-10-30T04:12:18.407Z] <<< HTTP RESPONSE 200 {"content-type":"application/json; charset=UTF-8","vary":"X-Origin, Referer, Origin,Accept-Encoding","date":"Fri, 30 Oct 2020 04:12:17 GMT","server":"ESF","cache-control":"private","x-xss-protection":"0","x-frame-options":"SAMEORIGIN","x-content-type-options":"nosniff","alt-svc":"h3-Q050=\":443\"; ma=2592000,h3-29=\":443\"; ma=2592000,h3-T051=\":443\"; ma=2592000,h3-T050=\":443\"; ma=2592000,h3-Q046=\":443\"; ma=2592000,h3-Q043=\":443\"; ma=2592000,quic=\":443\"; ma=2592000; v=\"46,43\"","accept-ranges":"none","transfer-encoding":"chunked"}
[info] i  hosting: Serving hosting files from: build {"metadata":{"emulator":{"name":"hosting"},"message":"Serving hosting files from: \u001b[1mbuild\u001b[22m"}}
[info] +  hosting: Local server: http://localhost:5000 {"metadata":{"emulator":{"name":"hosting"},"message":"Local server: \u001b[4m\u001b[1mhttp://localhost:5000\u001b[22m\u001b[24m"}}
[debug] [2020-10-30T04:12:22.514Z] Ignoring unsupported arg: auto_download {"metadata":{"emulator":{"name":"ui"},"message":"Ignoring unsupported arg: auto_download"}}
[debug] [2020-10-30T04:12:22.515Z] Ignoring unsupported arg: port {"metadata":{"emulator":{"name":"ui"},"message":"Ignoring unsupported arg: port"}}
[debug] [2020-10-30T04:12:22.515Z] Starting Emulator UI with command {"binary":"node","args":["C:\\Users\\vistr\\.cache\\firebase\\emulators\\ui-v1.2.2\\server.bundle.js"],"optionalArgs":[],"joinArgs":false} {"metadata":{"emulator":{"name":"ui"},"message":"Starting Emulator UI with command {\"binary\":\"node\",\"args\":[\"C:\\\\Users\\\\vistr\\\\.cache\\\\firebase\\\\emulators\\\\ui-v1.2.2\\\\server.bundle.js\"],\"optionalArgs\":[],\"joinArgs\":false}"}}
[info] i  ui: Emulator UI logging to ui-debug.log {"metadata":{"emulator":{"name":"ui"},"message":"Emulator UI logging to \u001b[1mui-debug.log\u001b[22m"}}
[debug] [2020-10-30T04:12:22.604Z] Web / API server started at http://localhost:4000
 {"metadata":{"emulator":{"name":"ui"},"message":"Web / API server started at http://localhost:4000\n"}}
[info] i  functions: Watching "C:\Users\vistr\Desktop\Amazon-Clone\amazon-clone\functions" for Cloud Functions... {"metadata":{"emulator":{"name":"functions"},"message":"Watching \"C:\\Users\\vistr\\Desktop\\Amazon-Clone\\amazon-clone\\functions\" for Cloud Functions..."}}
[debug] [2020-10-30T04:12:23.041Z] [worker-pool] addWorker(~diagnostic~) {"metadata":{"emulator":{"name":"functions"},"message":"[worker-pool] addWorker(~diagnostic~)"}}
[debug] [2020-10-30T04:12:23.041Z] [worker-pool] Adding worker with key ~diagnostic~, total=1 {"metadata":{"emulator":{"name":"functions"},"message":"[worker-pool] Adding worker with key ~diagnostic~, total=1"}}
[debug] [2020-10-30T04:12:23.041Z] [worker-pool] submitWork(triggerId=) {"metadata":{"emulator":{"name":"functions"},"message":"[worker-pool] submitWork(triggerId=)"}}
[debug] [2020-10-30T04:12:23.042Z] [worker-~diagnostic~-8d6376ed-777c-4b38-ac0b-a7cc66c2cb65]: Assigning socketPath: \\?\pipe\C:\Users\vistr\Desktop\Amazon-Clone\amazon-clone\functions\11384 {"metadata":{"emulator":{"name":"functions"},"message":"[worker-~diagnostic~-8d6376ed-777c-4b38-ac0b-a7cc66c2cb65]: Assigning socketPath: \\\\?\\pipe\\C:\\Users\\vistr\\Desktop\\Amazon-Clone\\amazon-clone\\functions\\11384"}}
[debug] [2020-10-30T04:12:23.042Z] [worker-~diagnostic~-8d6376ed-777c-4b38-ac0b-a7cc66c2cb65]: BUSY {"metadata":{"emulator":{"name":"functions"},"message":"[worker-~diagnostic~-8d6376ed-777c-4b38-ac0b-a7cc66c2cb65]: BUSY"}}
[debug] [2020-10-30T04:12:23.360Z] [runtime-status] [11384] Functions runtime initialized. {"cwd":"C:\\Users\\vistr\\Desktop\\Amazon-Clone\\amazon-clone\\functions","node_version":"12.13.0"} {"metadata":{"emulator":{"name":"functions"},"message":"[runtime-status] [11384] Functions runtime initialized. {\"cwd\":\"C:\\\\Users\\\\vistr\\\\Desktop\\\\Amazon-Clone\\\\amazon-clone\\\\functions\",\"node_version\":\"12.13.0\"}"}}
[debug] [2020-10-30T04:12:23.360Z] [runtime-status] [11384] Disabled runtime features: undefined {"metadata":{"emulator":{"name":"functions"},"message":"[runtime-status] [11384] Disabled runtime features: undefined"}}
[debug] [2020-10-30T04:12:23.363Z] [runtime-status] [11384] Resolved module firebase-admin {"declared":true,"installed":true,"version":"9.3.0","resolution":"C:\\Users\\vistr\\Desktop\\Amazon-Clone\\amazon-clone\\functions\\node_modules\\firebase-admin\\lib\\index.js"} {"metadata":{"emulator":{"name":"functions"},"message":"[runtime-status] [11384] Resolved module firebase-admin {\"declared\":true,\"installed\":true,\"version\":\"9.3.0\",\"resolution\":\"C:\\\\Users\\\\vistr\\\\Desktop\\\\Amazon-Clone\\\\amazon-clone\\\\functions\\\\node_modules\\\\firebase-admin\\\\lib\\\\index.js\"}"}}
[debug] [2020-10-30T04:12:23.364Z] [runtime-status] [11384] Resolved module firebase-functions {"declared":true,"installed":true,"version":"3.11.0","resolution":"C:\\Users\\vistr\\Desktop\\Amazon-Clone\\amazon-clone\\functions\\node_modules\\firebase-functions\\lib\\index.js"} {"metadata":{"emulator":{"name":"functions"},"message":"[runtime-status] [11384] Resolved module firebase-functions {\"declared\":true,\"installed\":true,\"version\":\"3.11.0\",\"resolution\":\"C:\\\\Users\\\\vistr\\\\Desktop\\\\Amazon-Clone\\\\amazon-clone\\\\functions\\\\node_modules\\\\firebase-functions\\\\lib\\\\index.js\"}"}}
[debug] [2020-10-30T04:12:23.365Z] [runtime-status] [11384] Resolved module firebase-functions {"declared":true,"installed":true,"version":"3.11.0","resolution":"C:\\Users\\vistr\\Desktop\\Amazon-Clone\\amazon-clone\\functions\\node_modules\\firebase-functions\\lib\\index.js"} {"metadata":{"emulator":{"name":"functions"},"message":"[runtime-status] [11384] Resolved module firebase-functions {\"declared\":true,\"installed\":true,\"version\":\"3.11.0\",\"resolution\":\"C:\\\\Users\\\\vistr\\\\Desktop\\\\Amazon-Clone\\\\amazon-clone\\\\functions\\\\node_modules\\\\firebase-functions\\\\lib\\\\index.js\"}"}}
[debug] [2020-10-30T04:12:23.366Z] [runtime-status] [11384] Outgoing network have been stubbed. [{"name":"http","status":"mocked"},{"name":"http","status":"mocked"},{"name":"https","status":"mocked"},{"name":"https","status":"mocked"},{"name":"net","status":"mocked"}] {"metadata":{"emulator":{"name":"functions"},"message":"[runtime-status] [11384] Outgoing network have been stubbed. [{\"name\":\"http\",\"status\":\"mocked\"},{\"name\":\"http\",\"status\":\"mocked\"},{\"name\":\"https\",\"status\":\"mocked\"},{\"name\":\"https\",\"status\":\"mocked\"},{\"name\":\"net\",\"status\":\"mocked\"}]"}}
[debug] [2020-10-30T04:12:23.367Z] [runtime-status] [11384] Resolved module firebase-functions {"declared":true,"installed":true,"version":"3.11.0","resolution":"C:\\Users\\vistr\\Desktop\\Amazon-Clone\\amazon-clone\\functions\\node_modules\\firebase-functions\\lib\\index.js"} {"metadata":{"emulator":{"name":"functions"},"message":"[runtime-status] [11384] Resolved module firebase-functions {\"declared\":true,\"installed\":true,\"version\":\"3.11.0\",\"resolution\":\"C:\\\\Users\\\\vistr\\\\Desktop\\\\Amazon-Clone\\\\amazon-clone\\\\functions\\\\node_modules\\\\firebase-functions\\\\lib\\\\index.js\"}"}}
[debug] [2020-10-30T04:12:23.414Z] [runtime-status] [11384] Checked functions.config() {"config":{}} {"metadata":{"emulator":{"name":"functions"},"message":"[runtime-status] [11384] Checked functions.config() {\"config\":{}}"}}
[debug] [2020-10-30T04:12:23.414Z] [runtime-status] [11384] firebase-functions has been stubbed. {"functionsResolution":{"declared":true,"installed":true,"version":"3.11.0","resolution":"C:\\Users\\vistr\\Desktop\\Amazon-Clone\\amazon-clone\\functions\\node_modules\\firebase-functions\\lib\\index.js"}} {"metadata":{"emulator":{"name":"functions"},"message":"[runtime-status] [11384] firebase-functions has been stubbed. {\"functionsResolution\":{\"declared\":true,\"installed\":true,\"version\":\"3.11.0\",\"resolution\":\"C:\\\\Users\\\\vistr\\\\Desktop\\\\Amazon-Clone\\\\amazon-clone\\\\functions\\\\node_modules\\\\firebase-functions\\\\lib\\\\index.js\"}}"}}
[debug] [2020-10-30T04:12:23.415Z] [runtime-status] [11384] Resolved module firebase-functions {"declared":true,"installed":true,"version":"3.11.0","resolution":"C:\\Users\\vistr\\Desktop\\Amazon-Clone\\amazon-clone\\functions\\node_modules\\firebase-functions\\lib\\index.js"} {"metadata":{"emulator":{"name":"functions"},"message":"[runtime-status] [11384] Resolved module firebase-functions {\"declared\":true,\"installed\":true,\"version\":\"3.11.0\",\"resolution\":\"C:\\\\Users\\\\vistr\\\\Desktop\\\\Amazon-Clone\\\\amazon-clone\\\\functions\\\\node_modules\\\\firebase-functions\\\\lib\\\\index.js\"}"}}
[debug] [2020-10-30T04:12:23.416Z] [runtime-status] [11384] Resolved module firebase-admin {"declared":true,"installed":true,"version":"9.3.0","resolution":"C:\\Users\\vistr\\Desktop\\Amazon-Clone\\amazon-clone\\functions\\node_modules\\firebase-admin\\lib\\index.js"} {"metadata":{"emulator":{"name":"functions"},"message":"[runtime-status] [11384] Resolved module firebase-admin {\"declared\":true,\"installed\":true,\"version\":\"9.3.0\",\"resolution\":\"C:\\\\Users\\\\vistr\\\\Desktop\\\\Amazon-Clone\\\\amazon-clone\\\\functions\\\\node_modules\\\\firebase-admin\\\\lib\\\\index.js\"}"}}
[debug] [2020-10-30T04:12:23.416Z] [runtime-status] [11384] Resolved module firebase-functions {"declared":true,"installed":true,"version":"3.11.0","resolution":"C:\\Users\\vistr\\Desktop\\Amazon-Clone\\amazon-clone\\functions\\node_modules\\firebase-functions\\lib\\index.js"} {"metadata":{"emulator":{"name":"functions"},"message":"[runtime-status] [11384] Resolved module firebase-functions {\"declared\":true,\"installed\":true,\"version\":\"3.11.0\",\"resolution\":\"C:\\\\Users\\\\vistr\\\\Desktop\\\\Amazon-Clone\\\\amazon-clone\\\\functions\\\\node_modules\\\\firebase-functions\\\\lib\\\\index.js\"}"}}
[debug] [2020-10-30T04:12:23.417Z] [runtime-status] [11384] firebase-admin has been stubbed. {"adminResolution":{"declared":true,"installed":true,"version":"9.3.0","resolution":"C:\\Users\\vistr\\Desktop\\Amazon-Clone\\amazon-clone\\functions\\node_modules\\firebase-admin\\lib\\index.js"}} {"metadata":{"emulator":{"name":"functions"},"message":"[runtime-status] [11384] firebase-admin has been stubbed. {\"adminResolution\":{\"declared\":true,\"installed\":true,\"version\":\"9.3.0\",\"resolution\":\"C:\\\\Users\\\\vistr\\\\Desktop\\\\Amazon-Clone\\\\amazon-clone\\\\functions\\\\node_modules\\\\firebase-admin\\\\lib\\\\index.js\"}}"}}
[info] +  functions[api]: http function initialized (http://localhost:5001/vistrit-amaz0n/us-central1/api). {"metadata":{"emulator":{"name":"functions"},"message":"\u001b[1mhttp\u001b[22m function initialized (http://localhost:5001/vistrit-amaz0n/us-central1/api)."}}
[info] 
┌───────────────────────────────────────────────────────────────────────┐
│ ✔  All emulators ready! View status and logs at http://localhost:4000 │
└───────────────────────────────────────────────────────────────────────┘

┌───────────┬────────────────┬─────────────────────────────────┐
│ Emulator  │ Host:Port      │ View in Emulator UI             │
├───────────┼────────────────┼─────────────────────────────────┤
│ Functions │ localhost:5001 │ http://localhost:4000/functions │
├───────────┼────────────────┼─────────────────────────────────┤
│ Hosting   │ localhost:5000 │ n/a                             │
└───────────┴────────────────┴─────────────────────────────────┘
  Other reserved ports: 4400, 4500

Issues? Report them at https://github.com/firebase/firebase-tools/issues and attach the *-debug.log files.
 
[debug] [2020-10-30T04:12:23.594Z] [worker-~diagnostic~-8d6376ed-777c-4b38-ac0b-a7cc66c2cb65]: IDLE {"metadata":{"emulator":{"name":"functions"},"message":"[worker-~diagnostic~-8d6376ed-777c-4b38-ac0b-a7cc66c2cb65]: IDLE"}}
[debug] [2020-10-30T04:12:48.205Z] [work-queue] {"queueLength":1,"workRunningCount":0}
[debug] [2020-10-30T04:12:48.205Z] [work-queue] {"queueLength":0,"workRunningCount":1}
[debug] [2020-10-30T04:12:48.206Z] Accepted request POST /vistrit-amaz0n/us-central1/api/payments/create?total=5499900 --> api
[debug] [2020-10-30T04:12:48.210Z] [worker-pool] addWorker(api) {"metadata":{"emulator":{"name":"functions"},"message":"[worker-pool] addWorker(api)"}}
[debug] [2020-10-30T04:12:48.210Z] [worker-pool] Adding worker with key api, total=1 {"metadata":{"emulator":{"name":"functions"},"message":"[worker-pool] Adding worker with key api, total=1"}}
[debug] [2020-10-30T04:12:48.210Z] [worker-pool] submitWork(triggerId=api) {"metadata":{"emulator":{"name":"functions"},"message":"[worker-pool] submitWork(triggerId=api)"}}
[debug] [2020-10-30T04:12:48.210Z] [worker-api-59b62db4-e578-49f9-a92a-053d69c2be16]: Assigning socketPath: \\?\pipe\C:\Users\vistr\Desktop\Amazon-Clone\amazon-clone\functions\1420 {"metadata":{"emulator":{"name":"functions"},"message":"[worker-api-59b62db4-e578-49f9-a92a-053d69c2be16]: Assigning socketPath: \\\\?\\pipe\\C:\\Users\\vistr\\Desktop\\Amazon-Clone\\amazon-clone\\functions\\1420"}}
[debug] [2020-10-30T04:12:48.210Z] [worker-api-59b62db4-e578-49f9-a92a-053d69c2be16]: BUSY {"metadata":{"emulator":{"name":"functions"},"message":"[worker-api-59b62db4-e578-49f9-a92a-053d69c2be16]: BUSY"}}
[debug] [2020-10-30T04:12:48.545Z] [runtime-status] [1420] Functions runtime initialized. {"cwd":"C:\\Users\\vistr\\Desktop\\Amazon-Clone\\amazon-clone\\functions","node_version":"12.13.0"} {"metadata":{"emulator":{"name":"functions"},"function":{"name":"api"},"message":"[runtime-status] [1420] Functions runtime initialized. {\"cwd\":\"C:\\\\Users\\\\vistr\\\\Desktop\\\\Amazon-Clone\\\\amazon-clone\\\\functions\",\"node_version\":\"12.13.0\"}"}}
[debug] [2020-10-30T04:12:48.546Z] [runtime-status] [1420] Disabled runtime features: undefined {"metadata":{"emulator":{"name":"functions"},"function":{"name":"api"},"message":"[runtime-status] [1420] Disabled runtime features: undefined"}}
[debug] [2020-10-30T04:12:48.549Z] [runtime-status] [1420] Resolved module firebase-admin {"declared":true,"installed":true,"version":"9.3.0","resolution":"C:\\Users\\vistr\\Desktop\\Amazon-Clone\\amazon-clone\\functions\\node_modules\\firebase-admin\\lib\\index.js"} {"metadata":{"emulator":{"name":"functions"},"function":{"name":"api"},"message":"[runtime-status] [1420] Resolved module firebase-admin {\"declared\":true,\"installed\":true,\"version\":\"9.3.0\",\"resolution\":\"C:\\\\Users\\\\vistr\\\\Desktop\\\\Amazon-Clone\\\\amazon-clone\\\\functions\\\\node_modules\\\\firebase-admin\\\\lib\\\\index.js\"}"}}
[debug] [2020-10-30T04:12:48.551Z] [runtime-status] [1420] Resolved module firebase-functions {"declared":true,"installed":true,"version":"3.11.0","resolution":"C:\\Users\\vistr\\Desktop\\Amazon-Clone\\amazon-clone\\functions\\node_modules\\firebase-functions\\lib\\index.js"} {"metadata":{"emulator":{"name":"functions"},"function":{"name":"api"},"message":"[runtime-status] [1420] Resolved module firebase-functions {\"declared\":true,\"installed\":true,\"version\":\"3.11.0\",\"resolution\":\"C:\\\\Users\\\\vistr\\\\Desktop\\\\Amazon-Clone\\\\amazon-clone\\\\functions\\\\node_modules\\\\firebase-functions\\\\lib\\\\index.js\"}"}}
[debug] [2020-10-30T04:12:48.552Z] [runtime-status] [1420] Resolved module firebase-functions {"declared":true,"installed":true,"version":"3.11.0","resolution":"C:\\Users\\vistr\\Desktop\\Amazon-Clone\\amazon-clone\\functions\\node_modules\\firebase-functions\\lib\\index.js"} {"metadata":{"emulator":{"name":"functions"},"function":{"name":"api"},"message":"[runtime-status] [1420] Resolved module firebase-functions {\"declared\":true,\"installed\":true,\"version\":\"3.11.0\",\"resolution\":\"C:\\\\Users\\\\vistr\\\\Desktop\\\\Amazon-Clone\\\\amazon-clone\\\\functions\\\\node_modules\\\\firebase-functions\\\\lib\\\\index.js\"}"}}
[debug] [2020-10-30T04:12:48.553Z] [runtime-status] [1420] Outgoing network have been stubbed. [{"name":"http","status":"mocked"},{"name":"http","status":"mocked"},{"name":"https","status":"mocked"},{"name":"https","status":"mocked"},{"name":"net","status":"mocked"}] {"metadata":{"emulator":{"name":"functions"},"function":{"name":"api"},"message":"[runtime-status] [1420] Outgoing network have been stubbed. [{\"name\":\"http\",\"status\":\"mocked\"},{\"name\":\"http\",\"status\":\"mocked\"},{\"name\":\"https\",\"status\":\"mocked\"},{\"name\":\"https\",\"status\":\"mocked\"},{\"name\":\"net\",\"status\":\"mocked\"}]"}}
[debug] [2020-10-30T04:12:48.554Z] [runtime-status] [1420] Resolved module firebase-functions {"declared":true,"installed":true,"version":"3.11.0","resolution":"C:\\Users\\vistr\\Desktop\\Amazon-Clone\\amazon-clone\\functions\\node_modules\\firebase-functions\\lib\\index.js"} {"metadata":{"emulator":{"name":"functions"},"function":{"name":"api"},"message":"[runtime-status] [1420] Resolved module firebase-functions {\"declared\":true,\"installed\":true,\"version\":\"3.11.0\",\"resolution\":\"C:\\\\Users\\\\vistr\\\\Desktop\\\\Amazon-Clone\\\\amazon-clone\\\\functions\\\\node_modules\\\\firebase-functions\\\\lib\\\\index.js\"}"}}
[debug] [2020-10-30T04:12:48.592Z] [runtime-status] [1420] Checked functions.config() {"config":{}} {"metadata":{"emulator":{"name":"functions"},"function":{"name":"api"},"message":"[runtime-status] [1420] Checked functions.config() {\"config\":{}}"}}
[debug] [2020-10-30T04:12:48.593Z] [runtime-status] [1420] firebase-functions has been stubbed. {"functionsResolution":{"declared":true,"installed":true,"version":"3.11.0","resolution":"C:\\Users\\vistr\\Desktop\\Amazon-Clone\\amazon-clone\\functions\\node_modules\\firebase-functions\\lib\\index.js"}} {"metadata":{"emulator":{"name":"functions"},"function":{"name":"api"},"message":"[runtime-status] [1420] firebase-functions has been stubbed. {\"functionsResolution\":{\"declared\":true,\"installed\":true,\"version\":\"3.11.0\",\"resolution\":\"C:\\\\Users\\\\vistr\\\\Desktop\\\\Amazon-Clone\\\\amazon-clone\\\\functions\\\\node_modules\\\\firebase-functions\\\\lib\\\\index.js\"}}"}}
[debug] [2020-10-30T04:12:48.593Z] [runtime-status] [1420] Resolved module firebase-functions {"declared":true,"installed":true,"version":"3.11.0","resolution":"C:\\Users\\vistr\\Desktop\\Amazon-Clone\\amazon-clone\\functions\\node_modules\\firebase-functions\\lib\\index.js"} {"metadata":{"emulator":{"name":"functions"},"function":{"name":"api"},"message":"[runtime-status] [1420] Resolved module firebase-functions {\"declared\":true,\"installed\":true,\"version\":\"3.11.0\",\"resolution\":\"C:\\\\Users\\\\vistr\\\\Desktop\\\\Amazon-Clone\\\\amazon-clone\\\\functions\\\\node_modules\\\\firebase-functions\\\\lib\\\\index.js\"}"}}
[debug] [2020-10-30T04:12:48.594Z] [runtime-status] [1420] Resolved module firebase-admin {"declared":true,"installed":true,"version":"9.3.0","resolution":"C:\\Users\\vistr\\Desktop\\Amazon-Clone\\amazon-clone\\functions\\node_modules\\firebase-admin\\lib\\index.js"} {"metadata":{"emulator":{"name":"functions"},"function":{"name":"api"},"message":"[runtime-status] [1420] Resolved module firebase-admin {\"declared\":true,\"installed\":true,\"version\":\"9.3.0\",\"resolution\":\"C:\\\\Users\\\\vistr\\\\Desktop\\\\Amazon-Clone\\\\amazon-clone\\\\functions\\\\node_modules\\\\firebase-admin\\\\lib\\\\index.js\"}"}}
[debug] [2020-10-30T04:12:48.594Z] [runtime-status] [1420] Resolved module firebase-functions {"declared":true,"installed":true,"version":"3.11.0","resolution":"C:\\Users\\vistr\\Desktop\\Amazon-Clone\\amazon-clone\\functions\\node_modules\\firebase-functions\\lib\\index.js"} {"metadata":{"emulator":{"name":"functions"},"function":{"name":"api"},"message":"[runtime-status] [1420] Resolved module firebase-functions {\"declared\":true,\"installed\":true,\"version\":\"3.11.0\",\"resolution\":\"C:\\\\Users\\\\vistr\\\\Desktop\\\\Amazon-Clone\\\\amazon-clone\\\\functions\\\\node_modules\\\\firebase-functions\\\\lib\\\\index.js\"}"}}
[debug] [2020-10-30T04:12:48.594Z] [runtime-status] [1420] firebase-admin has been stubbed. {"adminResolution":{"declared":true,"installed":true,"version":"9.3.0","resolution":"C:\\Users\\vistr\\Desktop\\Amazon-Clone\\amazon-clone\\functions\\node_modules\\firebase-admin\\lib\\index.js"}} {"metadata":{"emulator":{"name":"functions"},"function":{"name":"api"},"message":"[runtime-status] [1420] firebase-admin has been stubbed. {\"adminResolution\":{\"declared\":true,\"installed\":true,\"version\":\"9.3.0\",\"resolution\":\"C:\\\\Users\\\\vistr\\\\Desktop\\\\Amazon-Clone\\\\amazon-clone\\\\functions\\\\node_modules\\\\firebase-admin\\\\lib\\\\index.js\"}}"}}
[debug] [2020-10-30T04:12:48.728Z] [runtime-status] [1420] Trigger "api" has been found, beginning invocation! {"metadata":{"emulator":{"name":"functions"},"function":{"name":"api"},"message":"[runtime-status] [1420] Trigger \"api\" has been found, beginning invocation!"}}
[info] i  functions: Beginning execution of "api" {"metadata":{"emulator":{"name":"functions"},"function":{"name":"api"},"message":"Beginning execution of \"api\""}}
[debug] [2020-10-30T04:12:48.730Z] [runtime-status] [1420] triggerDefinition {"httpsTrigger":{},"name":"api","entryPoint":"api"} {"metadata":{"emulator":{"name":"functions"},"function":{"name":"api"},"message":"[runtime-status] [1420] triggerDefinition {\"httpsTrigger\":{},\"name\":\"api\",\"entryPoint\":\"api\"}"}}
[debug] [2020-10-30T04:12:48.730Z] [runtime-status] [1420] Running api in mode HTTPS {"metadata":{"emulator":{"name":"functions"},"function":{"name":"api"},"message":"[runtime-status] [1420] Running api in mode HTTPS"}}
[debug] [2020-10-30T04:12:48.733Z] [runtime-status] [1420] Attempting to listen to socketPath: \\?\pipe\C:\Users\vistr\Desktop\Amazon-Clone\amazon-clone\functions\1420 {"metadata":{"emulator":{"name":"functions"},"function":{"name":"api"},"message":"[runtime-status] [1420] Attempting to listen to socketPath: \\\\?\\pipe\\C:\\Users\\vistr\\Desktop\\Amazon-Clone\\amazon-clone\\functions\\1420"}}
[debug] [2020-10-30T04:12:48.735Z] [functions] Runtime ready! Sending request! {"metadata":{"emulator":{"name":"functions"},"message":"[functions] Runtime ready! Sending request!"}}
[debug] [2020-10-30T04:12:48.743Z] [runtime-status] [1420] Ephemeral server handling POST request {"metadata":{"emulator":{"name":"functions"},"function":{"name":"api"},"message":"[runtime-status] [1420] Ephemeral server handling POST request"}}
[info] >  Payment Request Recieved, thank you for the order >>>  5499900 {"user":"Payment Request Recieved, thank you for the order >>>  5499900","metadata":{"emulator":{"name":"functions"},"function":{"name":"api"},"message":"\u001b[90m> \u001b[39m Payment Request Recieved, thank you for the order >>>  5499900"}}
[debug] [2020-10-30T04:12:48.758Z] [runtime-status] [1420] Ephemeral server survived. {"metadata":{"emulator":{"name":"functions"},"function":{"name":"api"},"message":"[runtime-status] [1420] Ephemeral server survived."}}
[info] i  functions: Finished "api" in ~1s {"metadata":{"emulator":{"name":"functions"},"function":{"name":"api"},"message":"Finished \"api\" in ~1s"}}
[debug] [2020-10-30T04:12:49.421Z] [worker-api-59b62db4-e578-49f9-a92a-053d69c2be16]: IDLE {"metadata":{"emulator":{"name":"functions"},"message":"[worker-api-59b62db4-e578-49f9-a92a-053d69c2be16]: IDLE"}}
[debug] [2020-10-30T04:12:49.421Z] [work-queue] {"queueLength":0,"workRunningCount":0}
[debug] [2020-10-30T04:13:17.080Z] [work-queue] {"queueLength":1,"workRunningCount":0}
[debug] [2020-10-30T04:13:17.081Z] [work-queue] {"queueLength":0,"workRunningCount":1}
[debug] [2020-10-30T04:13:17.081Z] Accepted request POST /vistrit-amaz0n/us-central1/api/payments/create?total=0 --> api
[debug] [2020-10-30T04:13:17.081Z] [worker-pool] submitWork(triggerId=api) {"metadata":{"emulator":{"name":"functions"},"message":"[worker-pool] submitWork(triggerId=api)"}}
[debug] [2020-10-30T04:13:17.081Z] [worker-api-59b62db4-e578-49f9-a92a-053d69c2be16]: Assigning socketPath: \\?\pipe\C:\Users\vistr\Desktop\Amazon-Clone\amazon-clone\functions\1420 {"metadata":{"emulator":{"name":"functions"},"message":"[worker-api-59b62db4-e578-49f9-a92a-053d69c2be16]: Assigning socketPath: \\\\?\\pipe\\C:\\Users\\vistr\\Desktop\\Amazon-Clone\\amazon-clone\\functions\\1420"}}
[debug] [2020-10-30T04:13:17.081Z] [worker-api-59b62db4-e578-49f9-a92a-053d69c2be16]: BUSY {"metadata":{"emulator":{"name":"functions"},"message":"[worker-api-59b62db4-e578-49f9-a92a-053d69c2be16]: BUSY"}}
[debug] [2020-10-30T04:13:17.082Z] [runtime-status] [1420] Trigger "api" has been found, beginning invocation! {"metadata":{"emulator":{"name":"functions"},"function":{"name":"api"},"message":"[runtime-status] [1420] Trigger \"api\" has been found, beginning invocation!"}}
[info] i  functions: Beginning execution of "api" {"metadata":{"emulator":{"name":"functions"},"function":{"name":"api"},"message":"Beginning execution of \"api\""}}
[debug] [2020-10-30T04:13:17.083Z] [runtime-status] [1420] triggerDefinition {"httpsTrigger":{},"name":"api","entryPoint":"api"} {"metadata":{"emulator":{"name":"functions"},"function":{"name":"api"},"message":"[runtime-status] [1420] triggerDefinition {\"httpsTrigger\":{},\"name\":\"api\",\"entryPoint\":\"api\"}"}}
[debug] [2020-10-30T04:13:17.084Z] [runtime-status] [1420] Running api in mode HTTPS {"metadata":{"emulator":{"name":"functions"},"function":{"name":"api"},"message":"[runtime-status] [1420] Running api in mode HTTPS"}}
[debug] [2020-10-30T04:13:17.084Z] [runtime-status] [1420] Attempting to listen to socketPath: \\?\pipe\C:\Users\vistr\Desktop\Amazon-Clone\amazon-clone\functions\1420 {"metadata":{"emulator":{"name":"functions"},"function":{"name":"api"},"message":"[runtime-status] [1420] Attempting to listen to socketPath: \\\\?\\pipe\\C:\\Users\\vistr\\Desktop\\Amazon-Clone\\amazon-clone\\functions\\1420"}}
[debug] [2020-10-30T04:13:17.085Z] [functions] Runtime ready! Sending request! {"metadata":{"emulator":{"name":"functions"},"message":"[functions] Runtime ready! Sending request!"}}
[debug] [2020-10-30T04:13:17.090Z] [runtime-status] [1420] Ephemeral server handling POST request {"metadata":{"emulator":{"name":"functions"},"function":{"name":"api"},"message":"[runtime-status] [1420] Ephemeral server handling POST request"}}
[info] >  Payment Request Recieved, thank you for the order >>>  0 {"user":"Payment Request Recieved, thank you for the order >>>  0","metadata":{"emulator":{"name":"functions"},"function":{"name":"api"},"message":"\u001b[90m> \u001b[39m Payment Request Recieved, thank you for the order >>>  0"}}
[debug] [2020-10-30T04:13:17.095Z] [runtime-status] [1420] Ephemeral server survived. {"metadata":{"emulator":{"name":"functions"},"function":{"name":"api"},"message":"[runtime-status] [1420] Ephemeral server survived."}}
[info] >  (node:1420) UnhandledPromiseRejectionWarning: Error: This value must be greater than or equal to 1. {"user":"(node:1420) UnhandledPromiseRejectionWarning: Error: This value must be greater than or equal to 1.","metadata":{"emulator":{"name":"functions"},"function":{"name":"api"},"message":"\u001b[90m> \u001b[39m (node:1420) UnhandledPromiseRejectionWarning: Error: This value must be greater than or equal to 1."}}
[info] >      at Function.generate (C:\Users\vistr\Desktop\Amazon-Clone\amazon-clone\functions\node_modules\stripe\lib\Error.js:39:16) {"user":"    at Function.generate (C:\\Users\\vistr\\Desktop\\Amazon-Clone\\amazon-clone\\functions\\node_modules\\stripe\\lib\\Error.js:39:16)","metadata":{"emulator":{"name":"functions"},"function":{"name":"api"},"message":"\u001b[90m> \u001b[39m     at Function.generate (C:\\Users\\vistr\\Desktop\\Amazon-Clone\\amazon-clone\\functions\\node_modules\\stripe\\lib\\Error.js:39:16)"}}
[info] >      at IncomingMessage.<anonymous> (C:\Users\vistr\Desktop\Amazon-Clone\amazon-clone\functions\node_modules\stripe\lib\StripeResource.js:190:33) {"user":"    at IncomingMessage.<anonymous> (C:\\Users\\vistr\\Desktop\\Amazon-Clone\\amazon-clone\\functions\\node_modules\\stripe\\lib\\StripeResource.js:190:33)","metadata":{"emulator":{"name":"functions"},"function":{"name":"api"},"message":"\u001b[90m> \u001b[39m     at IncomingMessage.<anonymous> (C:\\Users\\vistr\\Desktop\\Amazon-Clone\\amazon-clone\\functions\\node_modules\\stripe\\lib\\StripeResource.js:190:33)"}}
[info] >      at Object.onceWrapper (events.js:299:28) {"user":"    at Object.onceWrapper (events.js:299:28)","metadata":{"emulator":{"name":"functions"},"function":{"name":"api"},"message":"\u001b[90m> \u001b[39m     at Object.onceWrapper (events.js:299:28)"}}
[info] >      at IncomingMessage.emit (events.js:215:7) {"user":"    at IncomingMessage.emit (events.js:215:7)","metadata":{"emulator":{"name":"functions"},"function":{"name":"api"},"message":"\u001b[90m> \u001b[39m     at IncomingMessage.emit (events.js:215:7)"}}
[info] >      at endReadableNT (_stream_readable.js:1183:12) {"user":"    at endReadableNT (_stream_readable.js:1183:12)","metadata":{"emulator":{"name":"functions"},"function":{"name":"api"},"message":"\u001b[90m> \u001b[39m     at endReadableNT (_stream_readable.js:1183:12)"}}
[info] >      at processTicksAndRejections (internal/process/task_queues.js:80:21) {"user":"    at processTicksAndRejections (internal/process/task_queues.js:80:21)","metadata":{"emulator":{"name":"functions"},"function":{"name":"api"},"message":"\u001b[90m> \u001b[39m     at processTicksAndRejections (internal/process/task_queues.js:80:21)"}}
[info] >  (node:1420) UnhandledPromiseRejectionWarning: Unhandled promise rejection. This error originated either by throwing inside of an async function without a catch block, or by rejecting a promise which was not handled with .catch(). (rejection id: 1) {"user":"(node:1420) UnhandledPromiseRejectionWarning: Unhandled promise rejection. This error originated either by throwing inside of an async function without a catch block, or by rejecting a promise which was not handled with .catch(). (rejection id: 1)","metadata":{"emulator":{"name":"functions"},"function":{"name":"api"},"message":"\u001b[90m> \u001b[39m (node:1420) UnhandledPromiseRejectionWarning: Unhandled promise rejection. This error originated either by throwing inside of an async function without a catch block, or by rejecting a promise which was not handled with .catch(). (rejection id: 1)"}}
[info] >  (node:1420) [DEP0018] DeprecationWarning: Unhandled promise rejections are deprecated. In the future, promise rejections that are not handled will terminate the Node.js process with a non-zero exit code. {"user":"(node:1420) [DEP0018] DeprecationWarning: Unhandled promise rejections are deprecated. In the future, promise rejections that are not handled will terminate the Node.js process with a non-zero exit code.","metadata":{"emulator":{"name":"functions"},"function":{"name":"api"},"message":"\u001b[90m> \u001b[39m (node:1420) [DEP0018] DeprecationWarning: Unhandled promise rejections are deprecated. In the future, promise rejections that are not handled will terminate the Node.js process with a non-zero exit code."}}
[warn] !  functions: Your function timed out after ~60s. To configure this timeout, see
      https://firebase.google.com/docs/functions/manage-functions#set_timeout_and_memory_allocation. {"metadata":{"emulator":{"name":"functions"},"function":{"name":"api"},"message":"Your function timed out after ~60s. To configure this timeout, see\n      https://firebase.google.com/docs/functions/manage-functions#set_timeout_and_memory_allocation."}}
[info] >  C:\Users\vistr\AppData\Roaming\npm\node_modules\firebase-tools\lib\emulator\functionsEmulatorRuntime.js:660 {"user":"C:\\Users\\vistr\\AppData\\Roaming\\npm\\node_modules\\firebase-tools\\lib\\emulator\\functionsEmulatorRuntime.js:660\r","metadata":{"emulator":{"name":"functions"},"function":{"name":"api"},"message":"\u001b[90m> \u001b[39m C:\\Users\\vistr\\AppData\\Roaming\\npm\\node_modules\\firebase-tools\\lib\\emulator\\functionsEmulatorRuntime.js:660\r"}}
[info] >                  throw new Error("Function timed out."); {"user":"                throw new Error(\"Function timed out.\");\r","metadata":{"emulator":{"name":"functions"},"function":{"name":"api"},"message":"\u001b[90m> \u001b[39m                 throw new Error(\"Function timed out.\");\r"}}
[info] >                  ^ {"user":"                ^\r","metadata":{"emulator":{"name":"functions"},"function":{"name":"api"},"message":"\u001b[90m> \u001b[39m                 ^\r"}}
[info] >   {"user":"\r","metadata":{"emulator":{"name":"functions"},"function":{"name":"api"},"message":"\u001b[90m> \u001b[39m \r"}}
[info] >  Error: Function timed out. {"user":"Error: Function timed out.\r","metadata":{"emulator":{"name":"functions"},"function":{"name":"api"},"message":"\u001b[90m> \u001b[39m Error: Function timed out.\r"}}
[info] >      at Timeout._onTimeout (C:\Users\vistr\AppData\Roaming\npm\node_modules\firebase-tools\lib\emulator\functionsEmulatorRuntime.js:660:23) {"user":"    at Timeout._onTimeout (C:\\Users\\vistr\\AppData\\Roaming\\npm\\node_modules\\firebase-tools\\lib\\emulator\\functionsEmulatorRuntime.js:660:23)\r","metadata":{"emulator":{"name":"functions"},"function":{"name":"api"},"message":"\u001b[90m> \u001b[39m     at Timeout._onTimeout (C:\\Users\\vistr\\AppData\\Roaming\\npm\\node_modules\\firebase-tools\\lib\\emulator\\functionsEmulatorRuntime.js:660:23)\r"}}
[info] >      at listOnTimeout (internal/timers.js:531:17) {"user":"    at listOnTimeout (internal/timers.js:531:17)\r","metadata":{"emulator":{"name":"functions"},"function":{"name":"api"},"message":"\u001b[90m> \u001b[39m     at listOnTimeout (internal/timers.js:531:17)\r"}}
[info] >      at processTimers (internal/timers.js:475:7) {"user":"    at processTimers (internal/timers.js:475:7)\r","metadata":{"emulator":{"name":"functions"},"function":{"name":"api"},"message":"\u001b[90m> \u001b[39m     at processTimers (internal/timers.js:475:7)\r"}}
[debug] [2020-10-30T04:14:17.111Z] [worker-api-59b62db4-e578-49f9-a92a-053d69c2be16]: exited {"metadata":{"emulator":{"name":"functions"},"message":"[worker-api-59b62db4-e578-49f9-a92a-053d69c2be16]: exited"}}
[debug] [2020-10-30T04:14:17.111Z] [worker-api-59b62db4-e578-49f9-a92a-053d69c2be16]: FINISHED {"metadata":{"emulator":{"name":"functions"},"message":"[worker-api-59b62db4-e578-49f9-a92a-053d69c2be16]: FINISHED"}}
[debug] [2020-10-30T04:14:17.111Z] [work-queue] {"queueLength":0,"workRunningCount":0}
[debug] [2020-10-30T04:22:42.104Z] [work-queue] {"queueLength":1,"workRunningCount":0}
[debug] [2020-10-30T04:22:42.104Z] [work-queue] {"queueLength":0,"workRunningCount":1}
[debug] [2020-10-30T04:22:42.104Z] Accepted request POST /vistrit-amaz0n/us-central1/api/payments/create?total=5499900 --> api
[debug] [2020-10-30T04:22:42.104Z] [worker-pool] Cleaned up workers for api: 1 --> 0 {"metadata":{"emulator":{"name":"functions"},"message":"[worker-pool] Cleaned up workers for api: 1 --> 0"}}
[debug] [2020-10-30T04:22:42.107Z] [worker-pool] addWorker(api) {"metadata":{"emulator":{"name":"functions"},"message":"[worker-pool] addWorker(api)"}}
[debug] [2020-10-30T04:22:42.108Z] [worker-pool] Adding worker with key api, total=1 {"metadata":{"emulator":{"name":"functions"},"message":"[worker-pool] Adding worker with key api, total=1"}}
[debug] [2020-10-30T04:22:42.108Z] [worker-pool] submitWork(triggerId=api) {"metadata":{"emulator":{"name":"functions"},"message":"[worker-pool] submitWork(triggerId=api)"}}
[debug] [2020-10-30T04:22:42.108Z] [worker-api-94ee00a1-0fd2-4afd-9d5d-d36d3f0cbd97]: Assigning socketPath: \\?\pipe\C:\Users\vistr\Desktop\Amazon-Clone\amazon-clone\functions\11368 {"metadata":{"emulator":{"name":"functions"},"message":"[worker-api-94ee00a1-0fd2-4afd-9d5d-d36d3f0cbd97]: Assigning socketPath: \\\\?\\pipe\\C:\\Users\\vistr\\Desktop\\Amazon-Clone\\amazon-clone\\functions\\11368"}}
[debug] [2020-10-30T04:22:42.108Z] [worker-api-94ee00a1-0fd2-4afd-9d5d-d36d3f0cbd97]: BUSY {"metadata":{"emulator":{"name":"functions"},"message":"[worker-api-94ee00a1-0fd2-4afd-9d5d-d36d3f0cbd97]: BUSY"}}
[debug] [2020-10-30T04:22:42.461Z] [runtime-status] [11368] Functions runtime initialized. {"cwd":"C:\\Users\\vistr\\Desktop\\Amazon-Clone\\amazon-clone\\functions","node_version":"12.13.0"} {"metadata":{"emulator":{"name":"functions"},"function":{"name":"api"},"message":"[runtime-status] [11368] Functions runtime initialized. {\"cwd\":\"C:\\\\Users\\\\vistr\\\\Desktop\\\\Amazon-Clone\\\\amazon-clone\\\\functions\",\"node_version\":\"12.13.0\"}"}}
[debug] [2020-10-30T04:22:42.462Z] [runtime-status] [11368] Disabled runtime features: undefined {"metadata":{"emulator":{"name":"functions"},"function":{"name":"api"},"message":"[runtime-status] [11368] Disabled runtime features: undefined"}}
[debug] [2020-10-30T04:22:42.464Z] [runtime-status] [11368] Resolved module firebase-admin {"declared":true,"installed":true,"version":"9.3.0","resolution":"C:\\Users\\vistr\\Desktop\\Amazon-Clone\\amazon-clone\\functions\\node_modules\\firebase-admin\\lib\\index.js"} {"metadata":{"emulator":{"name":"functions"},"function":{"name":"api"},"message":"[runtime-status] [11368] Resolved module firebase-admin {\"declared\":true,\"installed\":true,\"version\":\"9.3.0\",\"resolution\":\"C:\\\\Users\\\\vistr\\\\Desktop\\\\Amazon-Clone\\\\amazon-clone\\\\functions\\\\node_modules\\\\firebase-admin\\\\lib\\\\index.js\"}"}}
[debug] [2020-10-30T04:22:42.465Z] [runtime-status] [11368] Resolved module firebase-functions {"declared":true,"installed":true,"version":"3.11.0","resolution":"C:\\Users\\vistr\\Desktop\\Amazon-Clone\\amazon-clone\\functions\\node_modules\\firebase-functions\\lib\\index.js"} {"metadata":{"emulator":{"name":"functions"},"function":{"name":"api"},"message":"[runtime-status] [11368] Resolved module firebase-functions {\"declared\":true,\"installed\":true,\"version\":\"3.11.0\",\"resolution\":\"C:\\\\Users\\\\vistr\\\\Desktop\\\\Amazon-Clone\\\\amazon-clone\\\\functions\\\\node_modules\\\\firebase-functions\\\\lib\\\\index.js\"}"}}
[debug] [2020-10-30T04:22:42.466Z] [runtime-status] [11368] Resolved module firebase-functions {"declared":true,"installed":true,"version":"3.11.0","resolution":"C:\\Users\\vistr\\Desktop\\Amazon-Clone\\amazon-clone\\functions\\node_modules\\firebase-functions\\lib\\index.js"} {"metadata":{"emulator":{"name":"functions"},"function":{"name":"api"},"message":"[runtime-status] [11368] Resolved module firebase-functions {\"declared\":true,\"installed\":true,\"version\":\"3.11.0\",\"resolution\":\"C:\\\\Users\\\\vistr\\\\Desktop\\\\Amazon-Clone\\\\amazon-clone\\\\functions\\\\node_modules\\\\firebase-functions\\\\lib\\\\index.js\"}"}}
[debug] [2020-10-30T04:22:42.468Z] [runtime-status] [11368] Outgoing network have been stubbed. [{"name":"http","status":"mocked"},{"name":"http","status":"mocked"},{"name":"https","status":"mocked"},{"name":"https","status":"mocked"},{"name":"net","status":"mocked"}] {"metadata":{"emulator":{"name":"functions"},"function":{"name":"api"},"message":"[runtime-status] [11368] Outgoing network have been stubbed. [{\"name\":\"http\",\"status\":\"mocked\"},{\"name\":\"http\",\"status\":\"mocked\"},{\"name\":\"https\",\"status\":\"mocked\"},{\"name\":\"https\",\"status\":\"mocked\"},{\"name\":\"net\",\"status\":\"mocked\"}]"}}
[debug] [2020-10-30T04:22:42.469Z] [runtime-status] [11368] Resolved module firebase-functions {"declared":true,"installed":true,"version":"3.11.0","resolution":"C:\\Users\\vistr\\Desktop\\Amazon-Clone\\amazon-clone\\functions\\node_modules\\firebase-functions\\lib\\index.js"} {"metadata":{"emulator":{"name":"functions"},"function":{"name":"api"},"message":"[runtime-status] [11368] Resolved module firebase-functions {\"declared\":true,\"installed\":true,\"version\":\"3.11.0\",\"resolution\":\"C:\\\\Users\\\\vistr\\\\Desktop\\\\Amazon-Clone\\\\amazon-clone\\\\functions\\\\node_modules\\\\firebase-functions\\\\lib\\\\index.js\"}"}}
[debug] [2020-10-30T04:22:42.506Z] [runtime-status] [11368] Checked functions.config() {"config":{}} {"metadata":{"emulator":{"name":"functions"},"function":{"name":"api"},"message":"[runtime-status] [11368] Checked functions.config() {\"config\":{}}"}}
[debug] [2020-10-30T04:22:42.506Z] [runtime-status] [11368] firebase-functions has been stubbed. {"functionsResolution":{"declared":true,"installed":true,"version":"3.11.0","resolution":"C:\\Users\\vistr\\Desktop\\Amazon-Clone\\amazon-clone\\functions\\node_modules\\firebase-functions\\lib\\index.js"}} {"metadata":{"emulator":{"name":"functions"},"function":{"name":"api"},"message":"[runtime-status] [11368] firebase-functions has been stubbed. {\"functionsResolution\":{\"declared\":true,\"installed\":true,\"version\":\"3.11.0\",\"resolution\":\"C:\\\\Users\\\\vistr\\\\Desktop\\\\Amazon-Clone\\\\amazon-clone\\\\functions\\\\node_modules\\\\firebase-functions\\\\lib\\\\index.js\"}}"}}
[debug] [2020-10-30T04:22:42.507Z] [runtime-status] [11368] Resolved module firebase-functions {"declared":true,"installed":true,"version":"3.11.0","resolution":"C:\\Users\\vistr\\Desktop\\Amazon-Clone\\amazon-clone\\functions\\node_modules\\firebase-functions\\lib\\index.js"} {"metadata":{"emulator":{"name":"functions"},"function":{"name":"api"},"message":"[runtime-status] [11368] Resolved module firebase-functions {\"declared\":true,\"installed\":true,\"version\":\"3.11.0\",\"resolution\":\"C:\\\\Users\\\\vistr\\\\Desktop\\\\Amazon-Clone\\\\amazon-clone\\\\functions\\\\node_modules\\\\firebase-functions\\\\lib\\\\index.js\"}"}}
[debug] [2020-10-30T04:22:42.508Z] [runtime-status] [11368] Resolved module firebase-admin {"declared":true,"installed":true,"version":"9.3.0","resolution":"C:\\Users\\vistr\\Desktop\\Amazon-Clone\\amazon-clone\\functions\\node_modules\\firebase-admin\\lib\\index.js"} {"metadata":{"emulator":{"name":"functions"},"function":{"name":"api"},"message":"[runtime-status] [11368] Resolved module firebase-admin {\"declared\":true,\"installed\":true,\"version\":\"9.3.0\",\"resolution\":\"C:\\\\Users\\\\vistr\\\\Desktop\\\\Amazon-Clone\\\\amazon-clone\\\\functions\\\\node_modules\\\\firebase-admin\\\\lib\\\\index.js\"}"}}
[debug] [2020-10-30T04:22:42.508Z] [runtime-status] [11368] Resolved module firebase-functions {"declared":true,"installed":true,"version":"3.11.0","resolution":"C:\\Users\\vistr\\Desktop\\Amazon-Clone\\amazon-clone\\functions\\node_modules\\firebase-functions\\lib\\index.js"} {"metadata":{"emulator":{"name":"functions"},"function":{"name":"api"},"message":"[runtime-status] [11368] Resolved module firebase-functions {\"declared\":true,\"installed\":true,\"version\":\"3.11.0\",\"resolution\":\"C:\\\\Users\\\\vistr\\\\Desktop\\\\Amazon-Clone\\\\amazon-clone\\\\functions\\\\node_modules\\\\firebase-functions\\\\lib\\\\index.js\"}"}}
[debug] [2020-10-30T04:22:42.508Z] [runtime-status] [11368] firebase-admin has been stubbed. {"adminResolution":{"declared":true,"installed":true,"version":"9.3.0","resolution":"C:\\Users\\vistr\\Desktop\\Amazon-Clone\\amazon-clone\\functions\\node_modules\\firebase-admin\\lib\\index.js"}} {"metadata":{"emulator":{"name":"functions"},"function":{"name":"api"},"message":"[runtime-status] [11368] firebase-admin has been stubbed. {\"adminResolution\":{\"declared\":true,\"installed\":true,\"version\":\"9.3.0\",\"resolution\":\"C:\\\\Users\\\\vistr\\\\Desktop\\\\Amazon-Clone\\\\amazon-clone\\\\functions\\\\node_modules\\\\firebase-admin\\\\lib\\\\index.js\"}}"}}
[debug] [2020-10-30T04:22:42.646Z] [runtime-status] [11368] Trigger "api" has been found, beginning invocation! {"metadata":{"emulator":{"name":"functions"},"function":{"name":"api"},"message":"[runtime-status] [11368] Trigger \"api\" has been found, beginning invocation!"}}
[info] i  functions: Beginning execution of "api" {"metadata":{"emulator":{"name":"functions"},"function":{"name":"api"},"message":"Beginning execution of \"api\""}}
[debug] [2020-10-30T04:22:42.647Z] [runtime-status] [11368] triggerDefinition {"httpsTrigger":{},"name":"api","entryPoint":"api"} {"metadata":{"emulator":{"name":"functions"},"function":{"name":"api"},"message":"[runtime-status] [11368] triggerDefinition {\"httpsTrigger\":{},\"name\":\"api\",\"entryPoint\":\"api\"}"}}
[debug] [2020-10-30T04:22:42.647Z] [runtime-status] [11368] Running api in mode HTTPS {"metadata":{"emulator":{"name":"functions"},"function":{"name":"api"},"message":"[runtime-status] [11368] Running api in mode HTTPS"}}
[debug] [2020-10-30T04:22:42.649Z] [runtime-status] [11368] Attempting to listen to socketPath: \\?\pipe\C:\Users\vistr\Desktop\Amazon-Clone\amazon-clone\functions\11368 {"metadata":{"emulator":{"name":"functions"},"function":{"name":"api"},"message":"[runtime-status] [11368] Attempting to listen to socketPath: \\\\?\\pipe\\C:\\Users\\vistr\\Desktop\\Amazon-Clone\\amazon-clone\\functions\\11368"}}
[debug] [2020-10-30T04:22:42.652Z] [functions] Runtime ready! Sending request! {"metadata":{"emulator":{"name":"functions"},"message":"[functions] Runtime ready! Sending request!"}}
[debug] [2020-10-30T04:22:42.660Z] [runtime-status] [11368] Ephemeral server handling POST request {"metadata":{"emulator":{"name":"functions"},"function":{"name":"api"},"message":"[runtime-status] [11368] Ephemeral server handling POST request"}}
[info] >  Payment Request Recieved, thank you for the order >>>  5499900 {"user":"Payment Request Recieved, thank you for the order >>>  5499900","metadata":{"emulator":{"name":"functions"},"function":{"name":"api"},"message":"\u001b[90m> \u001b[39m Payment Request Recieved, thank you for the order >>>  5499900"}}
[debug] [2020-10-30T04:22:42.671Z] [runtime-status] [11368] Ephemeral server survived. {"metadata":{"emulator":{"name":"functions"},"function":{"name":"api"},"message":"[runtime-status] [11368] Ephemeral server survived."}}
[info] i  functions: Finished "api" in ~1s {"metadata":{"emulator":{"name":"functions"},"function":{"name":"api"},"message":"Finished \"api\" in ~1s"}}
[debug] [2020-10-30T04:22:43.365Z] [worker-api-94ee00a1-0fd2-4afd-9d5d-d36d3f0cbd97]: IDLE {"metadata":{"emulator":{"name":"functions"},"message":"[worker-api-94ee00a1-0fd2-4afd-9d5d-d36d3f0cbd97]: IDLE"}}
[debug] [2020-10-30T04:22:43.366Z] [work-queue] {"queueLength":0,"workRunningCount":0}
[debug] [2020-10-30T04:22:56.894Z] [work-queue] {"queueLength":1,"workRunningCount":0}
[debug] [2020-10-30T04:22:56.895Z] [work-queue] {"queueLength":0,"workRunningCount":1}
[debug] [2020-10-30T04:22:56.895Z] Accepted request POST /vistrit-amaz0n/us-central1/api/payments/create?total=0 --> api
[debug] [2020-10-30T04:22:56.896Z] [worker-pool] submitWork(triggerId=api) {"metadata":{"emulator":{"name":"functions"},"message":"[worker-pool] submitWork(triggerId=api)"}}
[debug] [2020-10-30T04:22:56.897Z] [worker-api-94ee00a1-0fd2-4afd-9d5d-d36d3f0cbd97]: Assigning socketPath: \\?\pipe\C:\Users\vistr\Desktop\Amazon-Clone\amazon-clone\functions\11368 {"metadata":{"emulator":{"name":"functions"},"message":"[worker-api-94ee00a1-0fd2-4afd-9d5d-d36d3f0cbd97]: Assigning socketPath: \\\\?\\pipe\\C:\\Users\\vistr\\Desktop\\Amazon-Clone\\amazon-clone\\functions\\11368"}}
[debug] [2020-10-30T04:22:56.897Z] [worker-api-94ee00a1-0fd2-4afd-9d5d-d36d3f0cbd97]: BUSY {"metadata":{"emulator":{"name":"functions"},"message":"[worker-api-94ee00a1-0fd2-4afd-9d5d-d36d3f0cbd97]: BUSY"}}
[debug] [2020-10-30T04:22:56.898Z] [runtime-status] [11368] Trigger "api" has been found, beginning invocation! {"metadata":{"emulator":{"name":"functions"},"function":{"name":"api"},"message":"[runtime-status] [11368] Trigger \"api\" has been found, beginning invocation!"}}
[info] i  functions: Beginning execution of "api" {"metadata":{"emulator":{"name":"functions"},"function":{"name":"api"},"message":"Beginning execution of \"api\""}}
[debug] [2020-10-30T04:22:56.899Z] [runtime-status] [11368] triggerDefinition {"httpsTrigger":{},"name":"api","entryPoint":"api"} {"metadata":{"emulator":{"name":"functions"},"function":{"name":"api"},"message":"[runtime-status] [11368] triggerDefinition {\"httpsTrigger\":{},\"name\":\"api\",\"entryPoint\":\"api\"}"}}
[debug] [2020-10-30T04:22:56.900Z] [runtime-status] [11368] Running api in mode HTTPS {"metadata":{"emulator":{"name":"functions"},"function":{"name":"api"},"message":"[runtime-status] [11368] Running api in mode HTTPS"}}
[debug] [2020-10-30T04:22:56.900Z] [runtime-status] [11368] Attempting to listen to socketPath: \\?\pipe\C:\Users\vistr\Desktop\Amazon-Clone\amazon-clone\functions\11368 {"metadata":{"emulator":{"name":"functions"},"function":{"name":"api"},"message":"[runtime-status] [11368] Attempting to listen to socketPath: \\\\?\\pipe\\C:\\Users\\vistr\\Desktop\\Amazon-Clone\\amazon-clone\\functions\\11368"}}
[debug] [2020-10-30T04:22:56.903Z] [functions] Runtime ready! Sending request! {"metadata":{"emulator":{"name":"functions"},"message":"[functions] Runtime ready! Sending request!"}}
[debug] [2020-10-30T04:22:56.907Z] [runtime-status] [11368] Ephemeral server handling POST request {"metadata":{"emulator":{"name":"functions"},"function":{"name":"api"},"message":"[runtime-status] [11368] Ephemeral server handling POST request"}}
[info] >  Payment Request Recieved, thank you for the order >>>  0 {"user":"Payment Request Recieved, thank you for the order >>>  0","metadata":{"emulator":{"name":"functions"},"function":{"name":"api"},"message":"\u001b[90m> \u001b[39m Payment Request Recieved, thank you for the order >>>  0"}}
[debug] [2020-10-30T04:22:56.911Z] [runtime-status] [11368] Ephemeral server survived. {"metadata":{"emulator":{"name":"functions"},"function":{"name":"api"},"message":"[runtime-status] [11368] Ephemeral server survived."}}
[info] >  (node:11368) UnhandledPromiseRejectionWarning: Error: This value must be greater than or equal to 1. {"user":"(node:11368) UnhandledPromiseRejectionWarning: Error: This value must be greater than or equal to 1.","metadata":{"emulator":{"name":"functions"},"function":{"name":"api"},"message":"\u001b[90m> \u001b[39m (node:11368) UnhandledPromiseRejectionWarning: Error: This value must be greater than or equal to 1."}}
[info] >      at Function.generate (C:\Users\vistr\Desktop\Amazon-Clone\amazon-clone\functions\node_modules\stripe\lib\Error.js:39:16) {"user":"    at Function.generate (C:\\Users\\vistr\\Desktop\\Amazon-Clone\\amazon-clone\\functions\\node_modules\\stripe\\lib\\Error.js:39:16)","metadata":{"emulator":{"name":"functions"},"function":{"name":"api"},"message":"\u001b[90m> \u001b[39m     at Function.generate (C:\\Users\\vistr\\Desktop\\Amazon-Clone\\amazon-clone\\functions\\node_modules\\stripe\\lib\\Error.js:39:16)"}}
[info] >      at IncomingMessage.<anonymous> (C:\Users\vistr\Desktop\Amazon-Clone\amazon-clone\functions\node_modules\stripe\lib\StripeResource.js:190:33) {"user":"    at IncomingMessage.<anonymous> (C:\\Users\\vistr\\Desktop\\Amazon-Clone\\amazon-clone\\functions\\node_modules\\stripe\\lib\\StripeResource.js:190:33)","metadata":{"emulator":{"name":"functions"},"function":{"name":"api"},"message":"\u001b[90m> \u001b[39m     at IncomingMessage.<anonymous> (C:\\Users\\vistr\\Desktop\\Amazon-Clone\\amazon-clone\\functions\\node_modules\\stripe\\lib\\StripeResource.js:190:33)"}}
[info] >      at Object.onceWrapper (events.js:299:28) {"user":"    at Object.onceWrapper (events.js:299:28)","metadata":{"emulator":{"name":"functions"},"function":{"name":"api"},"message":"\u001b[90m> \u001b[39m     at Object.onceWrapper (events.js:299:28)"}}
[info] >      at IncomingMessage.emit (events.js:215:7) {"user":"    at IncomingMessage.emit (events.js:215:7)","metadata":{"emulator":{"name":"functions"},"function":{"name":"api"},"message":"\u001b[90m> \u001b[39m     at IncomingMessage.emit (events.js:215:7)"}}
[info] >      at endReadableNT (_stream_readable.js:1183:12) {"user":"    at endReadableNT (_stream_readable.js:1183:12)","metadata":{"emulator":{"name":"functions"},"function":{"name":"api"},"message":"\u001b[90m> \u001b[39m     at endReadableNT (_stream_readable.js:1183:12)"}}
[info] >      at processTicksAndRejections (internal/process/task_queues.js:80:21) {"user":"    at processTicksAndRejections (internal/process/task_queues.js:80:21)","metadata":{"emulator":{"name":"functions"},"function":{"name":"api"},"message":"\u001b[90m> \u001b[39m     at processTicksAndRejections (internal/process/task_queues.js:80:21)"}}
[info] >  (node:11368) UnhandledPromiseRejectionWarning: Unhandled promise rejection. This error originated either by throwing inside of an async function without a catch block, or by rejecting a promise which was not handled with .catch(). (rejection id: 1) {"user":"(node:11368) UnhandledPromiseRejectionWarning: Unhandled promise rejection. This error originated either by throwing inside of an async function without a catch block, or by rejecting a promise which was not handled with .catch(). (rejection id: 1)","metadata":{"emulator":{"name":"functions"},"function":{"name":"api"},"message":"\u001b[90m> \u001b[39m (node:11368) UnhandledPromiseRejectionWarning: Unhandled promise rejection. This error originated either by throwing inside of an async function without a catch block, or by rejecting a promise which was not handled with .catch(). (rejection id: 1)"}}
[info] >  (node:11368) [DEP0018] DeprecationWarning: Unhandled promise rejections are deprecated. In the future, promise rejections that are not handled will terminate the Node.js process with a non-zero exit code. {"user":"(node:11368) [DEP0018] DeprecationWarning: Unhandled promise rejections are deprecated. In the future, promise rejections that are not handled will terminate the Node.js process with a non-zero exit code.","metadata":{"emulator":{"name":"functions"},"function":{"name":"api"},"message":"\u001b[90m> \u001b[39m (node:11368) [DEP0018] DeprecationWarning: Unhandled promise rejections are deprecated. In the future, promise rejections that are not handled will terminate the Node.js process with a non-zero exit code."}}
[warn] !  functions: Your function timed out after ~60s. To configure this timeout, see
      https://firebase.google.com/docs/functions/manage-functions#set_timeout_and_memory_allocation. {"metadata":{"emulator":{"name":"functions"},"function":{"name":"api"},"message":"Your function timed out after ~60s. To configure this timeout, see\n      https://firebase.google.com/docs/functions/manage-functions#set_timeout_and_memory_allocation."}}
[info] >  C:\Users\vistr\AppData\Roaming\npm\node_modules\firebase-tools\lib\emulator\functionsEmulatorRuntime.js:660 {"user":"C:\\Users\\vistr\\AppData\\Roaming\\npm\\node_modules\\firebase-tools\\lib\\emulator\\functionsEmulatorRuntime.js:660\r","metadata":{"emulator":{"name":"functions"},"function":{"name":"api"},"message":"\u001b[90m> \u001b[39m C:\\Users\\vistr\\AppData\\Roaming\\npm\\node_modules\\firebase-tools\\lib\\emulator\\functionsEmulatorRuntime.js:660\r"}}
[info] >                  throw new Error("Function timed out."); {"user":"                throw new Error(\"Function timed out.\");\r","metadata":{"emulator":{"name":"functions"},"function":{"name":"api"},"message":"\u001b[90m> \u001b[39m                 throw new Error(\"Function timed out.\");\r"}}
[info] >                  ^ {"user":"                ^\r","metadata":{"emulator":{"name":"functions"},"function":{"name":"api"},"message":"\u001b[90m> \u001b[39m                 ^\r"}}
[info] >   {"user":"\r","metadata":{"emulator":{"name":"functions"},"function":{"name":"api"},"message":"\u001b[90m> \u001b[39m \r"}}
[info] >  Error: Function timed out. {"user":"Error: Function timed out.\r","metadata":{"emulator":{"name":"functions"},"function":{"name":"api"},"message":"\u001b[90m> \u001b[39m Error: Function timed out.\r"}}
[info] >      at Timeout._onTimeout (C:\Users\vistr\AppData\Roaming\npm\node_modules\firebase-tools\lib\emulator\functionsEmulatorRuntime.js:660:23) {"user":"    at Timeout._onTimeout (C:\\Users\\vistr\\AppData\\Roaming\\npm\\node_modules\\firebase-tools\\lib\\emulator\\functionsEmulatorRuntime.js:660:23)\r","metadata":{"emulator":{"name":"functions"},"function":{"name":"api"},"message":"\u001b[90m> \u001b[39m     at Timeout._onTimeout (C:\\Users\\vistr\\AppData\\Roaming\\npm\\node_modules\\firebase-tools\\lib\\emulator\\functionsEmulatorRuntime.js:660:23)\r"}}
[info] >      at listOnTimeout (internal/timers.js:531:17) {"user":"    at listOnTimeout (internal/timers.js:531:17)\r","metadata":{"emulator":{"name":"functions"},"function":{"name":"api"},"message":"\u001b[90m> \u001b[39m     at listOnTimeout (internal/timers.js:531:17)\r"}}
[info] >      at processTimers (internal/timers.js:475:7) {"user":"    at processTimers (internal/timers.js:475:7)\r","metadata":{"emulator":{"name":"functions"},"function":{"name":"api"},"message":"\u001b[90m> \u001b[39m     at processTimers (internal/timers.js:475:7)\r"}}
[debug] [2020-10-30T04:23:56.948Z] [worker-api-94ee00a1-0fd2-4afd-9d5d-d36d3f0cbd97]: exited {"metadata":{"emulator":{"name":"functions"},"message":"[worker-api-94ee00a1-0fd2-4afd-9d5d-d36d3f0cbd97]: exited"}}
[debug] [2020-10-30T04:23:56.949Z] [worker-api-94ee00a1-0fd2-4afd-9d5d-d36d3f0cbd97]: FINISHED {"metadata":{"emulator":{"name":"functions"},"message":"[worker-api-94ee00a1-0fd2-4afd-9d5d-d36d3f0cbd97]: FINISHED"}}
[debug] [2020-10-30T04:23:56.949Z] [work-queue] {"queueLength":0,"workRunningCount":0}
